[debug] [2017-10-01T13:44:13.599Z] ----------------------------------------------------------------------
[debug] [2017-10-01T13:44:13.603Z] Command:       C:\Program Files\nodejs\node.exe C:\Users\niilo\AppData\Roaming\npm\node_modules\firebase-tools\bin\firebase deploy --debug
[debug] [2017-10-01T13:44:13.604Z] CLI Version:   3.12.0
[debug] [2017-10-01T13:44:13.606Z] Platform:      win32
[debug] [2017-10-01T13:44:13.607Z] Node Version:  v6.2.0
[debug] [2017-10-01T13:44:13.608Z] Time:          Sun Oct 01 2017 16:44:13 GMT+0300 (Suomen kesäaika)
[debug] [2017-10-01T13:44:13.608Z] ----------------------------------------------------------------------
[debug] 
[debug] [2017-10-01T13:44:13.622Z] > command requires scopes: ["email","openid","https://www.googleapis.com/auth/cloudplatformprojects.readonly","https://www.googleapis.com/auth/firebase","https://www.googleapis.com/auth/cloud-platform"]
[debug] [2017-10-01T13:44:13.623Z] > authorizing via signed-in user
[debug] [2017-10-01T13:44:13.632Z] > refreshing access token with scopes: ["email","https://www.googleapis.com/auth/cloud-platform","https://www.googleapis.com/auth/cloudplatformprojects.readonly","https://www.googleapis.com/auth/firebase","openid"]
[debug] [2017-10-01T13:44:13.632Z] >>> HTTP REQUEST POST https://www.googleapis.com/oauth2/v3/token { refresh_token: '1/8WJM9u7SFUI03SMhZegH_NLaC3mgV_IADuYHxJz1ivJKMdkoTvM7_sysq1f4FGkz',
  client_id: '563584335869-fgrhgmd47bqnekij5i8b5pr03ho849e6.apps.googleusercontent.com',
  client_secret: 'j9iVZfS8kkCEFUPaAeJV0sAi',
  grant_type: 'refresh_token',
  scope: 'email https://www.googleapis.com/auth/cloud-platform https://www.googleapis.com/auth/cloudplatformprojects.readonly https://www.googleapis.com/auth/firebase openid' } 
 Sun Oct 01 2017 16:44:13 GMT+0300 (Suomen kesäaika)
[debug] [2017-10-01T13:44:13.995Z] <<< HTTP RESPONSE 200
[debug] [2017-10-01T13:44:14.129Z] >>> HTTP REQUEST GET https://admin.firebase.com/v1/projects/noxe-54e26  
 Sun Oct 01 2017 16:44:14 GMT+0300 (Suomen kesäaika)
[debug] [2017-10-01T13:44:15.237Z] <<< HTTP RESPONSE 200
[debug] [2017-10-01T13:44:15.239Z] >>> HTTP REQUEST GET https://admin.firebase.com/v1/database/noxe-54e26/tokens  
 Sun Oct 01 2017 16:44:15 GMT+0300 (Suomen kesäaika)
[debug] [2017-10-01T13:44:16.035Z] <<< HTTP RESPONSE 200
[info] 
[info] === Deploying to 'noxe-54e26'...
[info] 
[info] i  deploying database, hosting
[info] +  database: rules ready to deploy.
[info] i  hosting: preparing build directory for upload...
[debug] [2017-10-01T13:44:17.990Z] >>> HTTP REQUEST PUT https://deploy.firebase.com/v1/hosting/noxe-54e26/uploads/-KvNAXW55cEgyI3Zkpa7?fileCount=9&message=  
 Sun Oct 01 2017 16:44:17 GMT+0300 (Suomen kesäaika)
[debug] [2017-10-01T13:44:22.335Z] <<< HTTP RESPONSE 200
[debug] [2017-10-01T13:44:22.335Z] [hosting] .tgz uploaded successfully, waiting for extraction
[info] +  hosting: 9 files uploaded successfully
[info] i  starting release process (may take several minutes)...
[debug] [2017-10-01T13:44:23.060Z] >>> HTTP REQUEST POST https://deploy.firebase.com/v1/projects/noxe-54e26/releases { database: { rulesString: '{\n  "rules": {\n    ".read": "true",\n    ".write": "true"\n  }\n}\n' },
  hosting: 
   { public: 'build',
     ignore: [ 'firebase.json', '**/.*', '**/node_modules/**' ],
     rewrites: [ [Object] ],
     version: '-KvNAXW55cEgyI3Zkpa7',
     prefix: '-KvNAXW55cEgyI3Zkpa7/',
     manifest: [] } } 
 Sun Oct 01 2017 16:44:23 GMT+0300 (Suomen kesäaika)
[debug] [2017-10-01T13:44:24.256Z] <<< HTTP RESPONSE 200
[debug] [2017-10-01T15:37:42.865Z] ----------------------------------------------------------------------
[debug] [2017-10-01T15:37:42.872Z] Command:       C:\Program Files\nodejs\node.exe C:\Users\niilo\AppData\Roaming\npm\node_modules\firebase-tools\bin\firebase deploy --debug
[debug] [2017-10-01T15:37:42.874Z] CLI Version:   3.12.0
[debug] [2017-10-01T15:37:42.876Z] Platform:      win32
[debug] [2017-10-01T15:37:42.876Z] Node Version:  v6.2.0
[debug] [2017-10-01T15:37:42.878Z] Time:          Sun Oct 01 2017 18:37:42 GMT+0300 (Suomen kesäaika)
[debug] [2017-10-01T15:37:42.878Z] ----------------------------------------------------------------------
[debug] 
[debug] [2017-10-01T15:37:42.961Z] > command requires scopes: ["email","openid","https://www.googleapis.com/auth/cloudplatformprojects.readonly","https://www.googleapis.com/auth/firebase","https://www.googleapis.com/auth/cloud-platform"]
[debug] [2017-10-01T15:37:42.962Z] > authorizing via signed-in user
[debug] [2017-10-01T15:37:42.964Z] > refreshing access token with scopes: ["email","https://www.googleapis.com/auth/cloud-platform","https://www.googleapis.com/auth/cloudplatformprojects.readonly","https://www.googleapis.com/auth/firebase","openid"]
[debug] [2017-10-01T15:37:42.965Z] >>> HTTP REQUEST POST https://www.googleapis.com/oauth2/v3/token { refresh_token: '1/8WJM9u7SFUI03SMhZegH_NLaC3mgV_IADuYHxJz1ivJKMdkoTvM7_sysq1f4FGkz',
  client_id: '563584335869-fgrhgmd47bqnekij5i8b5pr03ho849e6.apps.googleusercontent.com',
  client_secret: 'j9iVZfS8kkCEFUPaAeJV0sAi',
  grant_type: 'refresh_token',
  scope: 'email https://www.googleapis.com/auth/cloud-platform https://www.googleapis.com/auth/cloudplatformprojects.readonly https://www.googleapis.com/auth/firebase openid' } 
 Sun Oct 01 2017 18:37:42 GMT+0300 (Suomen kesäaika)
[debug] [2017-10-01T15:37:43.311Z] <<< HTTP RESPONSE 200
[debug] [2017-10-01T15:37:43.356Z] >>> HTTP REQUEST GET https://admin.firebase.com/v1/projects/noxe-54e26  
 Sun Oct 01 2017 18:37:43 GMT+0300 (Suomen kesäaika)
[debug] [2017-10-01T15:37:44.320Z] <<< HTTP RESPONSE 200
[debug] [2017-10-01T15:37:44.324Z] >>> HTTP REQUEST GET https://admin.firebase.com/v1/database/noxe-54e26/tokens  
 Sun Oct 01 2017 18:37:44 GMT+0300 (Suomen kesäaika)
[debug] [2017-10-01T15:37:45.056Z] <<< HTTP RESPONSE 200
[info] 
[info] === Deploying to 'noxe-54e26'...
[info] 
[info] i  deploying database, hosting
[info] +  database: rules ready to deploy.
[info] i  hosting: preparing build directory for upload...
[debug] [2017-10-01T15:37:47.038Z] >>> HTTP REQUEST PUT https://deploy.firebase.com/v1/hosting/noxe-54e26/uploads/-KvN_VqXYRmpq1G6bS_t?fileCount=9&message=  
 Sun Oct 01 2017 18:37:47 GMT+0300 (Suomen kesäaika)
[debug] [2017-10-01T15:37:51.629Z] <<< HTTP RESPONSE 200
[debug] [2017-10-01T15:37:51.630Z] [hosting] .tgz uploaded successfully, waiting for extraction
[info] +  hosting: 9 files uploaded successfully
[info] i  starting release process (may take several minutes)...
[debug] [2017-10-01T15:37:52.314Z] >>> HTTP REQUEST POST https://deploy.firebase.com/v1/projects/noxe-54e26/releases { database: { rulesString: '{\n  "rules": {\n    ".read": "true",\n    ".write": "true"\n  }\n}\n' },
  hosting: 
   { public: 'build',
     ignore: [ 'firebase.json', '**/.*', '**/node_modules/**' ],
     rewrites: [ [Object] ],
     version: '-KvN_VqXYRmpq1G6bS_t',
     prefix: '-KvN_VqXYRmpq1G6bS_t/',
     manifest: [] } } 
 Sun Oct 01 2017 18:37:52 GMT+0300 (Suomen kesäaika)
[debug] [2017-10-01T15:37:53.166Z] <<< HTTP RESPONSE 200
[debug] [2017-10-01T17:08:47.364Z] ----------------------------------------------------------------------
[debug] [2017-10-01T17:08:47.367Z] Command:       C:\Program Files\nodejs\node.exe C:\Users\niilo\AppData\Roaming\npm\node_modules\firebase-tools\bin\firebase deploy --debug
[debug] [2017-10-01T17:08:47.368Z] CLI Version:   3.12.0
[debug] [2017-10-01T17:08:47.371Z] Platform:      win32
[debug] [2017-10-01T17:08:47.371Z] Node Version:  v6.2.0
[debug] [2017-10-01T17:08:47.373Z] Time:          Sun Oct 01 2017 20:08:47 GMT+0300 (Suomen kesäaika)
[debug] [2017-10-01T17:08:47.373Z] ----------------------------------------------------------------------
[debug] 
[debug] [2017-10-01T17:08:47.457Z] > command requires scopes: ["email","openid","https://www.googleapis.com/auth/cloudplatformprojects.readonly","https://www.googleapis.com/auth/firebase","https://www.googleapis.com/auth/cloud-platform"]
[debug] [2017-10-01T17:08:47.458Z] > authorizing via signed-in user
[debug] [2017-10-01T17:08:47.462Z] > refreshing access token with scopes: ["email","https://www.googleapis.com/auth/cloud-platform","https://www.googleapis.com/auth/cloudplatformprojects.readonly","https://www.googleapis.com/auth/firebase","openid"]
[debug] [2017-10-01T17:08:47.462Z] >>> HTTP REQUEST POST https://www.googleapis.com/oauth2/v3/token { refresh_token: '1/8WJM9u7SFUI03SMhZegH_NLaC3mgV_IADuYHxJz1ivJKMdkoTvM7_sysq1f4FGkz',
  client_id: '563584335869-fgrhgmd47bqnekij5i8b5pr03ho849e6.apps.googleusercontent.com',
  client_secret: 'j9iVZfS8kkCEFUPaAeJV0sAi',
  grant_type: 'refresh_token',
  scope: 'email https://www.googleapis.com/auth/cloud-platform https://www.googleapis.com/auth/cloudplatformprojects.readonly https://www.googleapis.com/auth/firebase openid' } 
 Sun Oct 01 2017 20:08:47 GMT+0300 (Suomen kesäaika)
[debug] [2017-10-01T17:08:47.847Z] <<< HTTP RESPONSE 200
[debug] [2017-10-01T17:08:47.909Z] >>> HTTP REQUEST GET https://admin.firebase.com/v1/projects/noxe-54e26  
 Sun Oct 01 2017 20:08:47 GMT+0300 (Suomen kesäaika)
[debug] [2017-10-01T17:08:48.937Z] <<< HTTP RESPONSE 200
[debug] [2017-10-01T17:08:48.938Z] >>> HTTP REQUEST GET https://admin.firebase.com/v1/database/noxe-54e26/tokens  
 Sun Oct 01 2017 20:08:48 GMT+0300 (Suomen kesäaika)
[debug] [2017-10-01T17:08:49.673Z] <<< HTTP RESPONSE 200
[info] 
[info] === Deploying to 'noxe-54e26'...
[info] 
[info] i  deploying database, hosting
[info] +  database: rules ready to deploy.
[info] i  hosting: preparing build directory for upload...
[debug] [2017-10-01T17:08:51.798Z] >>> HTTP REQUEST PUT https://deploy.firebase.com/v1/hosting/noxe-54e26/uploads/-KvNuM6iHUL6SKTCHA_L?fileCount=9&message=  
 Sun Oct 01 2017 20:08:51 GMT+0300 (Suomen kesäaika)
[debug] [2017-10-01T17:08:56.272Z] <<< HTTP RESPONSE 200
[debug] [2017-10-01T17:08:56.272Z] [hosting] .tgz uploaded successfully, waiting for extraction
[info] +  hosting: 9 files uploaded successfully
[info] i  starting release process (may take several minutes)...
[debug] [2017-10-01T17:08:56.937Z] >>> HTTP REQUEST POST https://deploy.firebase.com/v1/projects/noxe-54e26/releases { database: { rulesString: '{\n  "rules": {\n    ".read": "true",\n    ".write": "true"\n  }\n}\n' },
  hosting: 
   { public: 'build',
     ignore: [ 'firebase.json', '**/.*', '**/node_modules/**' ],
     rewrites: [ [Object] ],
     version: '-KvNuM6iHUL6SKTCHA_L',
     prefix: '-KvNuM6iHUL6SKTCHA_L/',
     manifest: [] } } 
 Sun Oct 01 2017 20:08:56 GMT+0300 (Suomen kesäaika)
[debug] [2017-10-01T17:08:57.833Z] <<< HTTP RESPONSE 200
[debug] [2017-10-01T17:23:57.522Z] ----------------------------------------------------------------------
[debug] [2017-10-01T17:23:57.527Z] Command:       C:\Program Files\nodejs\node.exe C:\Users\niilo\AppData\Roaming\npm\node_modules\firebase-tools\bin\firebase deploy --debug
[debug] [2017-10-01T17:23:57.528Z] CLI Version:   3.12.0
[debug] [2017-10-01T17:23:57.530Z] Platform:      win32
[debug] [2017-10-01T17:23:57.530Z] Node Version:  v6.2.0
[debug] [2017-10-01T17:23:57.532Z] Time:          Sun Oct 01 2017 20:23:57 GMT+0300 (Suomen kesäaika)
[debug] [2017-10-01T17:23:57.532Z] ----------------------------------------------------------------------
[debug] 
[debug] [2017-10-01T17:23:57.550Z] > command requires scopes: ["email","openid","https://www.googleapis.com/auth/cloudplatformprojects.readonly","https://www.googleapis.com/auth/firebase","https://www.googleapis.com/auth/cloud-platform"]
[debug] [2017-10-01T17:23:57.551Z] > authorizing via signed-in user
[debug] [2017-10-01T17:23:57.561Z] >>> HTTP REQUEST GET https://admin.firebase.com/v1/projects/noxe-54e26  
 Sun Oct 01 2017 20:23:57 GMT+0300 (Suomen kesäaika)
[debug] [2017-10-01T17:23:58.681Z] <<< HTTP RESPONSE 200
[debug] [2017-10-01T17:23:58.685Z] >>> HTTP REQUEST GET https://admin.firebase.com/v1/database/noxe-54e26/tokens  
 Sun Oct 01 2017 20:23:58 GMT+0300 (Suomen kesäaika)
[debug] [2017-10-01T17:23:59.430Z] <<< HTTP RESPONSE 200
[info] 
[info] === Deploying to 'noxe-54e26'...
[info] 
[info] i  deploying database, hosting
[info] +  database: rules ready to deploy.
[info] i  hosting: preparing build directory for upload...
[debug] [2017-10-01T17:24:01.471Z] >>> HTTP REQUEST PUT https://deploy.firebase.com/v1/hosting/noxe-54e26/uploads/-KvNxpDOhGdXhu6XI3kX?fileCount=9&message=  
 Sun Oct 01 2017 20:24:01 GMT+0300 (Suomen kesäaika)
[debug] [2017-10-01T17:24:06.437Z] <<< HTTP RESPONSE 200
[debug] [2017-10-01T17:24:06.438Z] [hosting] .tgz uploaded successfully, waiting for extraction
[info] +  hosting: 9 files uploaded successfully
[info] i  starting release process (may take several minutes)...
[debug] [2017-10-01T17:24:07.063Z] >>> HTTP REQUEST POST https://deploy.firebase.com/v1/projects/noxe-54e26/releases { database: { rulesString: '{\n  "rules": {\n    ".read": "true",\n    ".write": "true"\n  }\n}\n' },
  hosting: 
   { public: 'build',
     ignore: [ 'firebase.json', '**/.*', '**/node_modules/**' ],
     rewrites: [ [Object] ],
     version: '-KvNxpDOhGdXhu6XI3kX',
     prefix: '-KvNxpDOhGdXhu6XI3kX/',
     manifest: [] } } 
 Sun Oct 01 2017 20:24:07 GMT+0300 (Suomen kesäaika)
[debug] [2017-10-01T17:24:08.296Z] <<< HTTP RESPONSE 200
[debug] [2017-10-01T20:31:08.450Z] ----------------------------------------------------------------------
[debug] [2017-10-01T20:31:08.454Z] Command:       C:\Program Files\nodejs\node.exe C:\Users\niilo\AppData\Roaming\npm\node_modules\firebase-tools\bin\firebase deploy --debug
[debug] [2017-10-01T20:31:08.455Z] CLI Version:   3.12.0
[debug] [2017-10-01T20:31:08.455Z] Platform:      win32
[debug] [2017-10-01T20:31:08.458Z] Node Version:  v6.2.0
[debug] [2017-10-01T20:31:08.459Z] Time:          Sun Oct 01 2017 23:31:08 GMT+0300 (Suomen kesäaika)
[debug] [2017-10-01T20:31:08.459Z] ----------------------------------------------------------------------
[debug] 
[debug] [2017-10-01T20:31:08.529Z] > command requires scopes: ["email","openid","https://www.googleapis.com/auth/cloudplatformprojects.readonly","https://www.googleapis.com/auth/firebase","https://www.googleapis.com/auth/cloud-platform"]
[debug] [2017-10-01T20:31:08.530Z] > authorizing via signed-in user
[debug] [2017-10-01T20:31:08.532Z] > refreshing access token with scopes: ["email","https://www.googleapis.com/auth/cloud-platform","https://www.googleapis.com/auth/cloudplatformprojects.readonly","https://www.googleapis.com/auth/firebase","openid"]
[debug] [2017-10-01T20:31:08.533Z] >>> HTTP REQUEST POST https://www.googleapis.com/oauth2/v3/token { refresh_token: '1/8WJM9u7SFUI03SMhZegH_NLaC3mgV_IADuYHxJz1ivJKMdkoTvM7_sysq1f4FGkz',
  client_id: '563584335869-fgrhgmd47bqnekij5i8b5pr03ho849e6.apps.googleusercontent.com',
  client_secret: 'j9iVZfS8kkCEFUPaAeJV0sAi',
  grant_type: 'refresh_token',
  scope: 'email https://www.googleapis.com/auth/cloud-platform https://www.googleapis.com/auth/cloudplatformprojects.readonly https://www.googleapis.com/auth/firebase openid' } 
 Sun Oct 01 2017 23:31:08 GMT+0300 (Suomen kesäaika)
[debug] [2017-10-01T20:31:08.863Z] <<< HTTP RESPONSE 200
[debug] [2017-10-01T20:31:08.923Z] >>> HTTP REQUEST GET https://admin.firebase.com/v1/projects/noxe-54e26  
 Sun Oct 01 2017 23:31:08 GMT+0300 (Suomen kesäaika)
[debug] [2017-10-01T20:31:10.019Z] <<< HTTP RESPONSE 200
[debug] [2017-10-01T20:31:10.020Z] >>> HTTP REQUEST GET https://admin.firebase.com/v1/database/noxe-54e26/tokens  
 Sun Oct 01 2017 23:31:10 GMT+0300 (Suomen kesäaika)
[debug] [2017-10-01T20:31:10.809Z] <<< HTTP RESPONSE 200
[info] 
[info] === Deploying to 'noxe-54e26'...
[info] 
[info] i  deploying database, hosting
[info] +  database: rules ready to deploy.
[info] i  hosting: preparing build directory for upload...
[debug] [2017-10-01T20:31:12.836Z] >>> HTTP REQUEST PUT https://deploy.firebase.com/v1/hosting/noxe-54e26/uploads/-KvOcfH-qs4JsSA-gwWd?fileCount=10&message=  
 Sun Oct 01 2017 23:31:12 GMT+0300 (Suomen kesäaika)
[debug] [2017-10-01T20:31:17.801Z] <<< HTTP RESPONSE 200
[debug] [2017-10-01T20:31:17.802Z] [hosting] .tgz uploaded successfully, waiting for extraction
[info] +  hosting: 10 files uploaded successfully
[info] i  starting release process (may take several minutes)...
[debug] [2017-10-01T20:31:18.613Z] >>> HTTP REQUEST POST https://deploy.firebase.com/v1/projects/noxe-54e26/releases { database: { rulesString: '{\n  "rules": {\n    ".read": "true",\n    ".write": "true"\n  }\n}\n' },
  hosting: 
   { public: 'build',
     ignore: [ 'firebase.json', '**/.*', '**/node_modules/**' ],
     rewrites: [ [Object] ],
     version: '-KvOcfH-qs4JsSA-gwWd',
     prefix: '-KvOcfH-qs4JsSA-gwWd/',
     manifest: [] } } 
 Sun Oct 01 2017 23:31:18 GMT+0300 (Suomen kesäaika)
[debug] [2017-10-01T20:31:20.039Z] <<< HTTP RESPONSE 200
